
2017年 04月 22日 星期六 00:05:01 CST
邮件发送成功
2017年 04月 23日 星期日 00:05:01 CST
邮件发送成功
2017年 04月 24日 星期一 00:05:01 CST
邮件发送成功
2017年 04月 25日 星期二 00:05:01 CST
邮件发送成功
2017年 04月 26日 星期三 00:05:01 CST
邮件发送成功
2017年 04月 27日 星期四 00:05:01 CST
邮件发送成功
2016年 02月 13日 星期六 00:05:01 CST
邮件发送成功
2016年 02月 14日 星期日 00:05:01 CST
邮件发送成功
2017年 04月 30日 星期日 16:42:39 CST
邮件发送成功
2017年 05月 01日 星期一 00:05:01 CST
邮件发送成功
2017年 05月 02日 星期二 00:05:01 CST
邮件发送成功
2017年 05月 03日 星期三 00:05:01 CST
邮件发送成功
2017年 05月 04日 星期四 00:05:01 CST
邮件发送成功
2017年 05月 05日 星期五 00:05:01 CST
邮件发送成功
2017年 05月 06日 星期六 00:05:01 CST
邮件发送成功
2017年 05月 07日 星期日 00:05:01 CST
邮件发送成功
2017年 05月 08日 星期一 00:05:01 CST
邮件发送成功
2017年 05月 09日 星期二 00:05:01 CST
邮件发送成功
2017年 05月 10日 星期三 00:05:01 CST
邮件发送成功
2017年 05月 11日 星期四 00:05:02 CST
邮件发送成功
2017年 05月 12日 星期五 00:05:01 CST
邮件发送成功
2017年 05月 13日 星期六 00:05:01 CST
邮件发送成功
2017年 05月 14日 星期日 00:05:01 CST
邮件发送成功
2017年 05月 15日 星期一 00:05:01 CST
邮件发送成功
2017年 05月 16日 星期二 00:05:01 CST
邮件发送成功
2017年 05月 17日 星期三 00:05:01 CST
邮件发送成功
2017年 05月 18日 星期四 00:05:02 CST
邮件发送成功
2017年 05月 19日 星期五 00:05:01 CST
邮件发送成功
2017年 05月 20日 星期六 00:05:02 CST
邮件发送成功
2017年 05月 21日 星期日 00:05:01 CST
邮件发送成功
2017年 05月 22日 星期一 00:05:01 CST
邮件发送成功
2017年 05月 23日 星期二 00:05:01 CST
邮件发送成功
2017年 05月 24日 星期三 00:05:01 CST
邮件发送成功
2017年 05月 25日 星期四 00:05:01 CST
邮件发送成功
2017年 05月 26日 星期五 00:05:01 CST
邮件发送成功
2017年 05月 27日 星期六 00:05:02 CST
邮件发送成功
2017年 05月 28日 星期日 00:05:01 CST
邮件发送成功
2017年 05月 29日 星期一 00:05:01 CST
邮件发送成功
2017年 05月 30日 星期二 00:05:01 CST
邮件发送成功
2017年 05月 31日 星期三 00:05:01 CST
邮件发送成功
2017年 06月 01日 星期四 00:05:01 CST
2017年 06月 02日 星期五 00:05:01 CST
邮件发送成功
2017年 06月 03日 星期六 00:05:01 CST
邮件发送成功
2017年 06月 04日 星期日 00:05:01 CST
邮件发送成功
2017年 06月 05日 星期一 00:05:01 CST
邮件发送成功
2017年 06月 06日 星期二 00:05:01 CST
邮件发送成功
2017年 06月 07日 星期三 00:05:01 CST
邮件发送成功
2017年 06月 08日 星期四 00:05:01 CST
邮件发送成功
2017年 06月 09日 星期五 00:05:01 CST
邮件发送成功
2017年 06月 10日 星期六 00:05:01 CST
邮件发送成功
2017年 06月 11日 星期日 00:05:01 CST
邮件发送成功
2017年 06月 12日 星期一 00:05:01 CST
2017年 06月 13日 星期二 00:05:01 CST
邮件发送成功
2017年 06月 14日 星期三 00:05:01 CST
邮件发送成功
2017年 06月 15日 星期四 00:05:01 CST
邮件发送成功
2017年 06月 16日 星期五 00:05:01 CST
邮件发送成功
2017年 06月 17日 星期六 00:05:02 CST
邮件发送成功
2017年 06月 18日 星期日 00:05:02 CST
邮件发送成功
2017年 06月 19日 星期一 00:05:01 CST
邮件发送成功
2017年 06月 20日 星期二 00:05:01 CST
邮件发送成功
2017年 06月 21日 星期三 00:05:01 CST
邮件发送成功
2017年 06月 22日 星期四 00:05:01 CST
邮件发送成功
2017年 06月 23日 星期五 00:05:01 CST
邮件发送成功
2017年 06月 24日 星期六 00:05:01 CST
邮件发送成功
2017年 06月 25日 星期日 00:05:01 CST
邮件发送成功
2017年 06月 26日 星期一 00:05:01 CST
邮件发送成功
2017年 06月 27日 星期二 00:05:01 CST
邮件发送成功
2017年 06月 28日 星期三 00:05:01 CST
邮件发送成功
2017年 06月 29日 星期四 00:05:01 CST
邮件发送成功
2017年 06月 30日 星期五 00:05:01 CST
邮件发送成功
2017年 07月 01日 星期六 00:05:01 CST
邮件发送成功
2017年 07月 02日 星期日 00:05:01 CST
邮件发送成功
2017年 07月 03日 星期一 00:05:01 CST
邮件发送成功
2017年 07月 04日 星期二 00:05:01 CST
邮件发送成功
2017年 07月 05日 星期三 00:05:01 CST
邮件发送成功
2017年 07月 06日 星期四 00:05:01 CST
邮件发送成功
2017年 07月 07日 星期五 00:05:01 CST
邮件发送成功
2017年 07月 08日 星期六 00:05:01 CST
邮件发送成功
2017年 07月 09日 星期日 00:05:01 CST
邮件发送成功
2016年 02月 13日 星期六 00:05:01 CST
邮件发送成功
2016年 02月 14日 星期日 00:05:01 CST
邮件发送成功
2016年 02月 15日 星期一 00:05:01 CST
邮件发送成功
2016年 02月 16日 星期二 00:05:01 CST
邮件发送成功
2016年 02月 17日 星期三 00:05:01 CST
邮件发送成功
2016年 02月 18日 星期四 00:05:01 CST
邮件发送成功
